<?xml version="1.0" encoding="UTF-8"?>
<testsuite name="jrails.ViewTest" tests="1" skipped="0" failures="0" errors="0" timestamp="2022-11-22T02:22:30" hostname="Katies-MBP.home" time="0.009">
  <properties/>
  <testcase name="empty" classname="jrails.ViewTest" time="0.009"/>
  <system-out><![CDATA[-------------
BookView test
<p><strong>Title:</strong>Programming Languages: Build, Prove, and Compare</p><p><strong>Author:</strong>Norman Ramsey</p><p><strong>Copies?:</strong>999</p><a href="/edit?id=0">Edit</a> | <a href="/">Back</a>
-------------
]]></system-out>
  <system-err><![CDATA[]]></system-err>
</testsuite>
